c:\users\s171043\documents\github\aie-assignment-mathlib\mathlib\dll\vc140.pdb
c:\users\s171043\documents\github\aie-assignment-mathlib\mathlib\dll\vc140.idb
c:\users\s171043\documents\github\aie-assignment-mathlib\mathlib\dll\matrix2.obj
c:\users\s171043\documents\github\aie-assignment-mathlib\mathlib\dll\matrix3.obj
c:\users\s171043\documents\github\aie-assignment-mathlib\mathlib\dll\matrix4.obj
c:\users\s171043\documents\github\aie-assignment-mathlib\mathlib\dll\vector2.obj
c:\users\s171043\documents\github\aie-assignment-mathlib\mathlib\dll\vector3.obj
c:\users\s171043\documents\github\aie-assignment-mathlib\mathlib\dll\vector4.obj
c:\users\s171043\documents\github\aie-assignment-mathlib\dll\mathlib.ilk
c:\users\s171043\documents\github\aie-assignment-mathlib\dll\mathlib.dll
c:\users\s171043\documents\github\aie-assignment-mathlib\dll\mathlib.pdb
c:\users\s171043\documents\github\aie-assignment-mathlib\dll\mathlib.lib
c:\users\s171043\documents\github\aie-assignment-mathlib\dll\mathlib.exp
c:\users\s171043\documents\github\aie-assignment-mathlib\mathlib\dll\mathlib.tlog\cl.command.1.tlog
c:\users\s171043\documents\github\aie-assignment-mathlib\mathlib\dll\mathlib.tlog\cl.read.1.tlog
c:\users\s171043\documents\github\aie-assignment-mathlib\mathlib\dll\mathlib.tlog\cl.write.1.tlog
c:\users\s171043\documents\github\aie-assignment-mathlib\mathlib\dll\mathlib.tlog\link.command.1.tlog
c:\users\s171043\documents\github\aie-assignment-mathlib\mathlib\dll\mathlib.tlog\link.read.1.tlog
c:\users\s171043\documents\github\aie-assignment-mathlib\mathlib\dll\mathlib.tlog\link.write.1.tlog
c:\users\s171043\documents\github\aie-assignment-mathlib\mathlib\dll\mathlib.tlog\mathlib.write.1u.tlog
